          
          
          
          
          
          
          
          
          
          
          
  ##      
  ## ##   
   #######
 ####  # #
###### # #
#  #######
# ########
##### ####
##  ### ##
((-2, 6), (-2, 5), (-2, 4), (-3, 5))
[-2, 0]
2
0x value was -1((-2, 1), (-2, 0), (-2, -1), (-3, 0))Traceback (most recent call last):
  File "c:\Users\Yuhan\Desktop\Tetris - Dense\tetris.py", line 167, in play
    self.move(intake)
  File "c:\Users\Yuhan\Desktop\Tetris - Dense\tetris.py", line 276, in move
    self.hardDrop()
  File "c:\Users\Yuhan\Desktop\Tetris - Dense\tetris.py", line 190, in hardDrop
    assert x >= 0, "x value was " + str(x) + str(orientation)
AssertionError: x value was -1((-2, 1), (-2, 0), (-2, -1), (-3, 0))
